<?xml version="1.0" encoding="UTF-8"?>
<testsuite xmlns:xsi="http://www.w3.org/2001/XMLSchema-instance" xsi:noNamespaceSchemaLocation="https://maven.apache.org/surefire/maven-surefire-plugin/xsd/surefire-test-report.xsd" version="3.0.2" name="com.nhcx.fhirconverter.fhir.FhirValidatorServiceTest" time="7.272" tests="2" errors="0" skipped="0" failures="0">
  <properties>
[...]
</properties>
  <testcase name="validateValidFhirJson_success" classname="com.nhcx.fhirconverter.fhir.FhirValidatorServiceTest" time="6.607">
    <system-out><![CDATA[2026-02-27T12:22:51.152+05:30  INFO 206434 --- [           main] ca.uhn.fhir.context.FhirContext          : Creating new FHIR context for FHIR version [R4]
2026-02-27T12:22:51.363+05:30  INFO 206434 --- [           main] .u.f.c.s.DefaultProfileValidationSupport : Loading structure definitions from classpath: /org/hl7/fhir/r4/model/profile/profiles-resources.xml
2026-02-27T12:22:51.383+05:30  INFO 206434 --- [           main] ca.uhn.fhir.util.XmlUtil                 : Unable to determine StAX implementation: java.xml/META-INF/MANIFEST.MF not found
2026-02-27T12:22:53.959+05:30  INFO 206434 --- [           main] .u.f.c.s.DefaultProfileValidationSupport : Loading structure definitions from classpath: /org/hl7/fhir/r4/model/profile/profiles-types.xml
2026-02-27T12:22:54.092+05:30  INFO 206434 --- [           main] .u.f.c.s.DefaultProfileValidationSupport : Loading structure definitions from classpath: /org/hl7/fhir/r4/model/profile/profiles-others.xml
2026-02-27T12:22:54.568+05:30  INFO 206434 --- [           main] .u.f.c.s.DefaultProfileValidationSupport : Loading structure definitions from classpath: /org/hl7/fhir/r4/model/extension/extension-definitions.xml
2026-02-27T12:22:56.767+05:30  INFO 206434 --- [           main] .u.f.c.s.DefaultProfileValidationSupport : Loading CodeSystem/ValueSet from classpath: /org/hl7/fhir/r4/model/valueset/valuesets.xml
2026-02-27T12:22:57.213+05:30  WARN 206434 --- [           main] ca.uhn.fhir.parser.LenientErrorHandler   : Unknown element 'author' found while parsing
2026-02-27T12:22:57.214+05:30  INFO 206434 --- [           main] .u.f.c.s.DefaultProfileValidationSupport : Loading CodeSystem/ValueSet from classpath: /org/hl7/fhir/r4/model/valueset/v2-tables.xml
2026-02-27T12:22:57.569+05:30  WARN 206434 --- [           main] ca.uhn.fhir.parser.LenientErrorHandler   : Unknown element 'author' found while parsing
2026-02-27T12:22:57.570+05:30  INFO 206434 --- [           main] .u.f.c.s.DefaultProfileValidationSupport : Loading CodeSystem/ValueSet from classpath: /org/hl7/fhir/r4/model/valueset/v3-codesystems.xml
2026-02-27T12:22:57.722+05:30  WARN 206434 --- [           main] ca.uhn.fhir.parser.LenientErrorHandler   : Unknown element 'author' found while parsing
]]></system-out>
  </testcase>
  <testcase name="validateInvalidFhirJson_throwsValidationException" classname="com.nhcx.fhirconverter.fhir.FhirValidatorServiceTest" time="0.663">
    <system-out><![CDATA[2026-02-27T12:22:57.760+05:30  INFO 206434 --- [           main] ca.uhn.fhir.context.FhirContext          : Creating new FHIR context for FHIR version [R4]
]]></system-out>
  </testcase>
</testsuite>